<?xml version="1.0" encoding="UTF-8"?>
<!-- Generated by org.testng.reporters.JUnitReportReporter -->
<testsuite hostname="DESKTOP-EFS8UAB" failures="0" tests="1" name="testcases.TC004_CreateOpportunity" time="18.533" errors="0" timestamp="2025-05-21T12:48:42 IST" skipped="0">
  <testcase classname="testcases.TC004_CreateOpportunity" name="runCreateOpportunity" time="18.533"/>
</testsuite> <!-- testcases.TC004_CreateOpportunity -->
