<?xml version="1.0" encoding="UTF-8"?>
<!-- Generated by org.testng.reporters.JUnitReportReporter -->
<testsuite hostname="DESKTOP-EFS8UAB" failures="0" tests="2" name="testcases.TC007_CreateServiceTerritory" time="87.120" errors="0" timestamp="2025-05-20T13:22:36 IST" skipped="0">
  <testcase classname="testcases.TC007_CreateServiceTerritory" name="runServiceTerritory" time="37.262"/>
  <testcase classname="testcases.TC007_CreateServiceTerritory" name="runServiceTerritory" time="49.858"/>
</testsuite> <!-- testcases.TC007_CreateServiceTerritory -->
