<?xml version="1.0" encoding="UTF-8"?>
<!-- Generated by org.testng.reporters.JUnitReportReporter -->
<testsuite hostname="DESKTOP-EFS8UAB" failures="0" tests="2" name="testcases.TC002_EditLead" time="138.450" errors="0" timestamp="2025-05-20T13:22:36 IST" skipped="0">
  <testcase classname="testcases.TC002_EditLead" name="runEditLead" time="53.588"/>
  <testcase classname="testcases.TC002_EditLead" name="runEditLead" time="84.862"/>
</testsuite> <!-- testcases.TC002_EditLead -->
