<?xml version="1.0" encoding="UTF-8"?>
<!-- Generated by org.testng.reporters.JUnitReportReporter -->
<testsuite hostname="DESKTOP-EFS8UAB" failures="0" tests="2" name="testcases.TC005_EditOpportunity" time="74.165" errors="0" timestamp="2025-05-20T13:22:36 IST" skipped="0">
  <testcase classname="testcases.TC005_EditOpportunity" name="runEditOpportunity" time="40.179"/>
  <testcase classname="testcases.TC005_EditOpportunity" name="runEditOpportunity" time="33.986"/>
</testsuite> <!-- testcases.TC005_EditOpportunity -->
