<?xml version="1.0" encoding="UTF-8"?>
<!-- Generated by org.testng.reporters.JUnitReportReporter -->
<testsuite hostname="DESKTOP-EFS8UAB" failures="0" tests="1" name="testcases.TC004_CreateOpportunity" time="99.588" errors="1" timestamp="2025-05-21T15:41:32 IST" skipped="0">
  <testcase classname="testcases.TC004_CreateOpportunity" name="runCreateOpportunity" time="99.588">
    <error message="Error {
  message=&#039;Timeout 30000ms exceeded.
  name=&#039;TimeoutError
  stack=&#039;TimeoutError: Timeout 30000ms exceeded.
    at ProgressController.run (C:\Users\DELL\AppData\Local\Temp\playwright-java-3467732796442908724\package\lib\server\progress.js:78:26)
    at Frame._callOnElementOnceMatches (C:\Users\DELL\AppData\Local\Temp\playwright-java-3467732796442908724\package\lib\server\frames.js:1464:23)
    at Frame.textContent (C:\Users\DELL\AppData\Local\Temp\playwright-java-3467732796442908724\package\lib\server\frames.js:1080:17)
    at FrameDispatcher.textContent (C:\Users\DELL\AppData\Local\Temp\playwright-java-3467732796442908724\package\lib\server\dispatchers\frameDispatcher.js:178:37)
    at FrameDispatcher._handleCommand (C:\Users\DELL\AppData\Local\Temp\playwright-java-3467732796442908724\package\lib\server\dispatchers\dispatcher.js:94:40)
    at DispatcherConnection.dispatch (C:\Users\DELL\AppData\Local\Temp\playwright-java-3467732796442908724\package\lib\server\dispatchers\dispatcher.js:361:39)
}
Call log:
- waiting for locator(&quot;//lightning-formatted-text[@slot=&#039;primaryField&#039;]&quot;).first()
" type="com.microsoft.playwright.TimeoutError">
      <![CDATA[com.microsoft.playwright.TimeoutError: Error {
  message='Timeout 30000ms exceeded.
  name='TimeoutError
  stack='TimeoutError: Timeout 30000ms exceeded.
    at ProgressController.run (C:\Users\DELL\AppData\Local\Temp\playwright-java-3467732796442908724\package\lib\server\progress.js:78:26)
    at Frame._callOnElementOnceMatches (C:\Users\DELL\AppData\Local\Temp\playwright-java-3467732796442908724\package\lib\server\frames.js:1464:23)
    at Frame.textContent (C:\Users\DELL\AppData\Local\Temp\playwright-java-3467732796442908724\package\lib\server\frames.js:1080:17)
    at FrameDispatcher.textContent (C:\Users\DELL\AppData\Local\Temp\playwright-java-3467732796442908724\package\lib\server\dispatchers\frameDispatcher.js:178:37)
    at FrameDispatcher._handleCommand (C:\Users\DELL\AppData\Local\Temp\playwright-java-3467732796442908724\package\lib\server\dispatchers\dispatcher.js:94:40)
    at DispatcherConnection.dispatch (C:\Users\DELL\AppData\Local\Temp\playwright-java-3467732796442908724\package\lib\server\dispatchers\dispatcher.js:361:39)
}
Call log:
- waiting for locator("//lightning-formatted-text[@slot='primaryField']").first()

at com.microsoft.playwright.impl.WaitableResult.get(WaitableResult.java:52)
at com.microsoft.playwright.impl.ChannelOwner.runUntil(ChannelOwner.java:132)
at com.microsoft.playwright.impl.Connection.sendMessage(Connection.java:130)
at com.microsoft.playwright.impl.ChannelOwner.sendMessage(ChannelOwner.java:118)
at com.microsoft.playwright.impl.FrameImpl.textContentImpl(FrameImpl.java:818)
at com.microsoft.playwright.impl.FrameImpl.lambda$textContent$38(FrameImpl.java:809)
at com.microsoft.playwright.impl.LoggingSupport.withLogging(LoggingSupport.java:47)
at com.microsoft.playwright.impl.ChannelOwner.withLogging(ChannelOwner.java:97)
at com.microsoft.playwright.impl.FrameImpl.textContent(FrameImpl.java:809)
at com.microsoft.playwright.impl.LocatorImpl.textContent(LocatorImpl.java:591)
at com.microsoft.playwright.Locator.textContent(Locator.java:5189)
at com.testleaf.web.element.PwElementImpl.getText(PwElementImpl.java:31)
at pages.OpportunitiesPage.verifyOpportunityName(OpportunitiesPage.java:50)
at testcases.TC004_CreateOpportunity.runCreateOpportunity(TC004_CreateOpportunity.java:26)
at java.base/jdk.internal.reflect.NativeMethodAccessorImpl.invoke0(Native Method)
at java.base/jdk.internal.reflect.NativeMethodAccessorImpl.invoke(NativeMethodAccessorImpl.java:77)
at java.base/jdk.internal.reflect.DelegatingMethodAccessorImpl.invoke(DelegatingMethodAccessorImpl.java:43)
at java.base/java.lang.reflect.Method.invoke(Method.java:568)
at org.testng.internal.invokers.MethodInvocationHelper.invokeMethod(MethodInvocationHelper.java:139)
at org.testng.internal.invokers.TestInvoker.invokeMethod(TestInvoker.java:664)
at org.testng.internal.invokers.TestInvoker.invokeTestMethod(TestInvoker.java:228)
at org.testng.internal.invokers.MethodRunner.runInSequence(MethodRunner.java:63)
at org.testng.internal.invokers.TestInvoker$MethodInvocationAgent.invoke(TestInvoker.java:961)
at org.testng.internal.invokers.TestInvoker.invokeTestMethods(TestInvoker.java:201)
at org.testng.internal.invokers.TestMethodWorker.invokeTestMethods(TestMethodWorker.java:148)
at org.testng.internal.invokers.TestMethodWorker.run(TestMethodWorker.java:128)
at java.base/java.util.concurrent.Executors$RunnableAdapter.call(Executors.java:539)
at java.base/java.util.concurrent.FutureTask.run(FutureTask.java:264)
at org.testng.internal.thread.graph.TestNGFutureTask.run(TestNGFutureTask.java:22)
at java.base/java.util.concurrent.ThreadPoolExecutor.runWorker(ThreadPoolExecutor.java:1136)
at java.base/java.util.concurrent.ThreadPoolExecutor$Worker.run(ThreadPoolExecutor.java:635)
at java.base/java.lang.Thread.run(Thread.java:840)
Caused by: com.microsoft.playwright.TimeoutError: Error {
  message='Timeout 30000ms exceeded.
  name='TimeoutError
  stack='TimeoutError: Timeout 30000ms exceeded.
    at ProgressController.run (C:\Users\DELL\AppData\Local\Temp\playwright-java-3467732796442908724\package\lib\server\progress.js:78:26)
    at Frame._callOnElementOnceMatches (C:\Users\DELL\AppData\Local\Temp\playwright-java-3467732796442908724\package\lib\server\frames.js:1464:23)
    at Frame.textContent (C:\Users\DELL\AppData\Local\Temp\playwright-java-3467732796442908724\package\lib\server\frames.js:1080:17)
    at FrameDispatcher.textContent (C:\Users\DELL\AppData\Local\Temp\playwright-java-3467732796442908724\package\lib\server\dispatchers\frameDispatcher.js:178:37)
    at FrameDispatcher._handleCommand (C:\Users\DELL\AppData\Local\Temp\playwright-java-3467732796442908724\package\lib\server\dispatchers\dispatcher.js:94:40)
    at DispatcherConnection.dispatch (C:\Users\DELL\AppData\Local\Temp\playwright-java-3467732796442908724\package\lib\server\dispatchers\dispatcher.js:361:39)
}
Call log:
- waiting for locator("//lightning-formatted-text[@slot='primaryField']").first()

at com.microsoft.playwright.impl.Connection.dispatch(Connection.java:254)
at com.microsoft.playwright.impl.Connection.processOneMessage(Connection.java:211)
at com.microsoft.playwright.impl.ChannelOwner.runUntil(ChannelOwner.java:130)
... 30 more
]]>
    </error>
  </testcase> <!-- runCreateOpportunity -->
</testsuite> <!-- testcases.TC004_CreateOpportunity -->
