<?xml version="1.0" encoding="UTF-8"?>
<!-- Generated by org.testng.reporters.JUnitReportReporter -->
<testsuite hostname="DESKTOP-EFS8UAB" failures="0" tests="1" name="testcases.TC001_CreateLead" time="42.638" errors="0" timestamp="2025-05-21T03:02:46 IST" skipped="0">
  <testcase classname="testcases.TC001_CreateLead" name="runCreateLead" time="42.638"/>
</testsuite> <!-- testcases.TC001_CreateLead -->
